<?xml version="1.0" encoding="UTF-8"?>
<testsuite xmlns:xsi="http://www.w3.org/2001/XMLSchema-instance" xsi:noNamespaceSchemaLocation="https://maven.apache.org/surefire/maven-surefire-plugin/xsd/surefire-test-report.xsd" name="petTest" time="5.856" tests="11" errors="0" skipped="0" failures="5">
  <properties>
[...]
</properties>
  <testcase name="testFindById[1][1]" classname="petTest" time="1.544">
    <failure message="The param response it&apos;s not was expected.&#10;classpath:pets/petGetFindById.feature:13" type="org.opentest4j.AssertionFailedError">org.opentest4j.AssertionFailedError: 
The param response it's not was expected.
classpath:pets/petGetFindById.feature:13
</failure>
    <system-out><![CDATA[23:26:15.454 [main] DEBUG com.intuit.karate - request:
1 > GET https://petstore3.swagger.io/api/v3/pet/1
1 > Host: petstore3.swagger.io
1 > Connection: Keep-Alive
1 > User-Agent: Apache-HttpClient/4.5.14 (Java/11.0.21)
1 > Accept-Encoding: gzip,deflate


23:26:15.937 [main] DEBUG com.intuit.karate - response time in milliseconds: 479
1 < 404
1 < Date: Thu, 11 Jan 2024 04:26:15 GMT
1 < Content-Type: application/xml
1 < Content-Length: 13
1 < Connection: keep-alive
1 < Access-Control-Allow-Origin: *
1 < Access-Control-Allow-Methods: GET, POST, DELETE, PUT
1 < Access-Control-Allow-Headers: Content-Type, api_key, Authorization
1 < Access-Control-Expose-Headers: Content-Disposition
1 < Server: Jetty(9.4.9.v20180320)
Pet not found

23:26:16.036 [main] ERROR com.intuit.karate - classpath:pets/petGetFindById.feature:13
* eval
"""
if (responseStatus == 200 && response.id != 1 || responseStatus == 404 && response != "bergetbertret"){
     karate.fail("The param response it's not was expected.")
}
"""
The param response it's not was expected.
classpath:pets/petGetFindById.feature:13
]]></system-out>
  </testcase>
  <testcase name="testFindById[1][2]" classname="petTest" time="0.286"/>
  <testcase name="testFindById[1][3]" classname="petTest" time="0.273"/>
  <testcase name="testFindById[1][4]" classname="petTest" time="0.273"/>
  <testcase name="testFindById[1][5]" classname="petTest" time="0.267">
    <failure message="The param response it&apos;s not was expected.&#10;classpath:pets/petGetFindById.feature:13" type="org.opentest4j.AssertionFailedError">org.opentest4j.AssertionFailedError: 
The param response it's not was expected.
classpath:pets/petGetFindById.feature:13
</failure>
    <system-out><![CDATA[23:26:16.888 [main] DEBUG com.intuit.karate - request:
1 > GET https://petstore3.swagger.io/api/v3/pet/5
1 > Host: petstore3.swagger.io
1 > Connection: Keep-Alive
1 > User-Agent: Apache-HttpClient/4.5.14 (Java/11.0.21)
1 > Accept-Encoding: gzip,deflate


23:26:17.145 [main] DEBUG com.intuit.karate - response time in milliseconds: 256
1 < 404
1 < Date: Thu, 11 Jan 2024 04:26:17 GMT
1 < Content-Type: application/xml
1 < Content-Length: 13
1 < Connection: keep-alive
1 < Access-Control-Allow-Origin: *
1 < Access-Control-Allow-Methods: GET, POST, DELETE, PUT
1 < Access-Control-Allow-Headers: Content-Type, api_key, Authorization
1 < Access-Control-Expose-Headers: Content-Disposition
1 < Server: Jetty(9.4.9.v20180320)
Pet not found

23:26:17.148 [main] ERROR com.intuit.karate - classpath:pets/petGetFindById.feature:13
* eval
"""
if (responseStatus == 200 && response.id != 5 || responseStatus == 404 && response != "bergetbertret"){
     karate.fail("The param response it's not was expected.")
}
"""
The param response it's not was expected.
classpath:pets/petGetFindById.feature:13
]]></system-out>
  </testcase>
  <testcase name="testFindById[1][6]" classname="petTest" time="0.27">
    <failure message="The param response it&apos;s not was expected.&#10;classpath:pets/petGetFindById.feature:13" type="org.opentest4j.AssertionFailedError">org.opentest4j.AssertionFailedError: 
The param response it's not was expected.
classpath:pets/petGetFindById.feature:13
</failure>
    <system-out><![CDATA[23:26:17.158 [main] DEBUG com.intuit.karate - request:
1 > GET https://petstore3.swagger.io/api/v3/pet/-1
1 > Host: petstore3.swagger.io
1 > Connection: Keep-Alive
1 > User-Agent: Apache-HttpClient/4.5.14 (Java/11.0.21)
1 > Accept-Encoding: gzip,deflate


23:26:17.414 [main] DEBUG com.intuit.karate - response time in milliseconds: 256
1 < 404
1 < Date: Thu, 11 Jan 2024 04:26:17 GMT
1 < Content-Type: application/xml
1 < Content-Length: 13
1 < Connection: keep-alive
1 < Access-Control-Allow-Origin: *
1 < Access-Control-Allow-Methods: GET, POST, DELETE, PUT
1 < Access-Control-Allow-Headers: Content-Type, api_key, Authorization
1 < Access-Control-Expose-Headers: Content-Disposition
1 < Server: Jetty(9.4.9.v20180320)
Pet not found

23:26:17.418 [main] ERROR com.intuit.karate - classpath:pets/petGetFindById.feature:13
* eval
"""
if (responseStatus == 200 && response.id != -1 || responseStatus == 404 && response != "bergetbertret"){
     karate.fail("The param response it's not was expected.")
}
"""
The param response it's not was expected.
classpath:pets/petGetFindById.feature:13
]]></system-out>
  </testcase>
  <testcase name="testFindById[1][7]" classname="petTest" time="0.268">
    <failure message="The param response it&apos;s not was expected.&#10;classpath:pets/petGetFindById.feature:13" type="org.opentest4j.AssertionFailedError">org.opentest4j.AssertionFailedError: 
The param response it's not was expected.
classpath:pets/petGetFindById.feature:13
</failure>
    <system-out><![CDATA[23:26:17.426 [main] DEBUG com.intuit.karate - request:
1 > GET https://petstore3.swagger.io/api/v3/pet/-24
1 > Host: petstore3.swagger.io
1 > Connection: Keep-Alive
1 > User-Agent: Apache-HttpClient/4.5.14 (Java/11.0.21)
1 > Accept-Encoding: gzip,deflate


23:26:17.683 [main] DEBUG com.intuit.karate - response time in milliseconds: 256
1 < 404
1 < Date: Thu, 11 Jan 2024 04:26:17 GMT
1 < Content-Type: application/xml
1 < Content-Length: 13
1 < Connection: keep-alive
1 < Access-Control-Allow-Origin: *
1 < Access-Control-Allow-Methods: GET, POST, DELETE, PUT
1 < Access-Control-Allow-Headers: Content-Type, api_key, Authorization
1 < Access-Control-Expose-Headers: Content-Disposition
1 < Server: Jetty(9.4.9.v20180320)
Pet not found

23:26:17.686 [main] ERROR com.intuit.karate - classpath:pets/petGetFindById.feature:13
* eval
"""
if (responseStatus == 200 && response.id != -24 || responseStatus == 404 && response != "bergetbertret"){
     karate.fail("The param response it's not was expected.")
}
"""
The param response it's not was expected.
classpath:pets/petGetFindById.feature:13
]]></system-out>
  </testcase>
  <testcase name="testFindById[1][8]" classname="petTest" time="0.306"/>
  <testcase name="testFindById[1][9]" classname="petTest" time="0.261"/>
  <testcase name="testFindById[1][10]" classname="petTest" time="0.263"/>
  <testcase name="testFindById[1][11]" classname="petTest" time="1.119">
    <failure message="status code was: 400, expected: 404, response time in milliseconds: 258, url: https://petstore3.swagger.io/api/v3/pet/1.2341231253446346E41, response: &#10;{&quot;code&quot;:400,&quot;message&quot;:&quot;Input error: couldn&apos;t convert `1.2341231253446346E41` to type `class java.lang.Long`&quot;}&#10;classpath:pets/petGetFindById.feature:53" type="org.opentest4j.AssertionFailedError">org.opentest4j.AssertionFailedError: 
status code was: 400, expected: 404, response time in milliseconds: 258, url: https://petstore3.swagger.io/api/v3/pet/1.2341231253446346E41, response: 
{"code":400,"message":"Input error: couldn't convert `1.2341231253446346E41` to type `class java.lang.Long`"}
classpath:pets/petGetFindById.feature:53
</failure>
    <system-out><![CDATA[23:26:18.527 [main] DEBUG com.intuit.karate - request:
1 > GET https://petstore3.swagger.io/api/v3/pet/1.2341231253446346E41
1 > Host: petstore3.swagger.io
1 > Connection: Keep-Alive
1 > User-Agent: Apache-HttpClient/4.5.14 (Java/11.0.21)
1 > Accept-Encoding: gzip,deflate


23:26:18.786 [main] DEBUG com.intuit.karate - response time in milliseconds: 258
1 < 400
1 < Date: Thu, 11 Jan 2024 04:26:18 GMT
1 < Content-Type: application/json
1 < Content-Length: 109
1 < Connection: keep-alive
1 < Access-Control-Allow-Origin: *
1 < Access-Control-Allow-Methods: GET, POST, DELETE, PUT
1 < Access-Control-Allow-Headers: Content-Type, api_key, Authorization
1 < Access-Control-Expose-Headers: Content-Disposition
1 < Server: Jetty(9.4.9.v20180320)
{"code":400,"message":"Input error: couldn't convert `1.2341231253446346E41` to type `class java.lang.Long`"}

23:26:18.792 [main] ERROR com.intuit.karate - classpath:pets/petGetFindById.feature:53
Then status 404
status code was: 400, expected: 404, response time in milliseconds: 258, url: https://petstore3.swagger.io/api/v3/pet/1.2341231253446346E41, response: 
{"code":400,"message":"Input error: couldn't convert `1.2341231253446346E41` to type `class java.lang.Long`"}
classpath:pets/petGetFindById.feature:53
---------------------------------------------------------
feature: classpath:pets/petGetFindById.feature
scenarios: 11 | passed:  6 | failed:  5 | time: 3,4911
---------------------------------------------------------

Karate version: 1.4.1
======================================================
elapsed:   5,39 | threads:    1 | thread time: 3,49 
features:     1 | skipped:    0 | efficiency: 0,65
scenarios:   11 | passed:     6 | failed: 5
======================================================
>>> failed features:
The param response it's not was expected.
classpath:pets/petGetFindById.feature:13
The param response it's not was expected.
classpath:pets/petGetFindById.feature:13
The param response it's not was expected.
classpath:pets/petGetFindById.feature:13
The param response it's not was expected.
classpath:pets/petGetFindById.feature:13
status code was: 400, expected: 404, response time in milliseconds: 258, url: https://petstore3.swagger.io/api/v3/pet/1.2341231253446346E41, response: 
{"code":400,"message":"Input error: couldn't convert `1.2341231253446346E41` to type `class java.lang.Long`"}
classpath:pets/petGetFindById.feature:53
<<<

HTML report: (paste into browser to view) | Karate version: 1.4.1
file:///media/mauricio/Acer/Proyectos/Karate/test_petstore/target/karate-reports/karate-summary.html
===================================================================

]]></system-out>
  </testcase>
</testsuite>