<?xml version="1.0" encoding="UTF-8"?>
<testsuite xmlns:xsi="http://www.w3.org/2001/XMLSchema-instance" xsi:noNamespaceSchemaLocation="https://maven.apache.org/surefire/maven-surefire-plugin/xsd/surefire-test-report.xsd" name="petTest" time="11.661" tests="1" errors="0" skipped="0" failures="1">
  <properties>
[...]
</properties>
  <testcase name="PetTestParallel" classname="petTest" time="11.654">
    <failure message="status code was: 200, expected: 404, response time in milliseconds: 613, url: https://petstore3.swagger.io/api/v3/pet/93181424, response: &#10;Pet deleted&#10;classpath:pets/petDelete.feature:86&#10;status code was: 400, expected: 404, response time in milliseconds: 595, url: https://petstore3.swagger.io/api/v3/pet/1.2341231253446346E41, response: &#10;{&quot;code&quot;:400,&quot;message&quot;:&quot;Input error: couldn&apos;t convert `1.2341231253446346E41` to type `class java.lang.Long`&quot;}&#10;classpath:pets/petGetFindById.feature:52&#10;status code was: 200, expected: 409, response time in milliseconds: 303, url: https://petstore3.swagger.io/api/v3/pet/, response: &#10;{&quot;id&quot;:93181424,&quot;category&quot;:{&quot;id&quot;:2,&quot;name&quot;:&quot;Chaucito&quot;},&quot;name&quot;:&quot;Gatitotototo&quot;,&quot;photoUrls&quot;:[],&quot;tags&quot;:[{&quot;id&quot;:1,&quot;name&quot;:&quot;Bizcocho&quot;}],&quot;status&quot;:&quot;sold&quot;}&#10;classpath:pets/petPost.feature:82 ==&gt; expected: &lt;true&gt; but was: &lt;false&gt;" type="org.opentest4j.AssertionFailedError"><![CDATA[org.opentest4j.AssertionFailedError: 
status code was: 200, expected: 404, response time in milliseconds: 613, url: https://petstore3.swagger.io/api/v3/pet/93181424, response: 
Pet deleted
classpath:pets/petDelete.feature:86
status code was: 400, expected: 404, response time in milliseconds: 595, url: https://petstore3.swagger.io/api/v3/pet/1.2341231253446346E41, response: 
{"code":400,"message":"Input error: couldn't convert `1.2341231253446346E41` to type `class java.lang.Long`"}
classpath:pets/petGetFindById.feature:52
status code was: 200, expected: 409, response time in milliseconds: 303, url: https://petstore3.swagger.io/api/v3/pet/, response: 
{"id":93181424,"category":{"id":2,"name":"Chaucito"},"name":"Gatitotototo","photoUrls":[],"tags":[{"id":1,"name":"Bizcocho"}],"status":"sold"}
classpath:pets/petPost.feature:82 ==> expected: <true> but was: <false>
	at petTest.PetTestParallel(petTest.java:23)
]]></failure>
    <system-out><![CDATA[---------------------------------------------------------
feature: classpath:pets/petDelete.feature
scenarios:  5 | passed:  4 | failed:  1 | time: 14,5083
---------------------------------------------------------

---------------------------------------------------------
feature: classpath:pets/petGetFindById.feature
scenarios: 11 | passed: 10 | failed:  1 | time: 8,7632
---------------------------------------------------------

---------------------------------------------------------
feature: classpath:pets/petGetFindByStatus.feature
scenarios:  6 | passed:  6 | failed:  0 | time: 4,5476
---------------------------------------------------------

---------------------------------------------------------
feature: classpath:pets/petGetFindByTags.feature
scenarios:  9 | passed:  9 | failed:  0 | time: 4,9311
---------------------------------------------------------

---------------------------------------------------------
feature: classpath:pets/petPost.feature
scenarios:  5 | passed:  4 | failed:  1 | time: 5,3913
---------------------------------------------------------

---------------------------------------------------------
feature: classpath:pets/petUpdate.feature
scenarios:  4 | passed:  4 | failed:  0 | time: 5,0646
---------------------------------------------------------

Karate version: 1.4.1 | env: pet
======================================================
elapsed:  10,51 | threads:    5 | thread time: 43,21 
features:     6 | skipped:    0 | efficiency: 0,82
scenarios:   40 | passed:    37 | failed: 3
======================================================
>>> failed features:
status code was: 200, expected: 404, response time in milliseconds: 613, url: https://petstore3.swagger.io/api/v3/pet/93181424, response: 
Pet deleted
classpath:pets/petDelete.feature:86
status code was: 400, expected: 404, response time in milliseconds: 595, url: https://petstore3.swagger.io/api/v3/pet/1.2341231253446346E41, response: 
{"code":400,"message":"Input error: couldn't convert `1.2341231253446346E41` to type `class java.lang.Long`"}
classpath:pets/petGetFindById.feature:52
status code was: 200, expected: 409, response time in milliseconds: 303, url: https://petstore3.swagger.io/api/v3/pet/, response: 
{"id":93181424,"category":{"id":2,"name":"Chaucito"},"name":"Gatitotototo","photoUrls":[],"tags":[{"id":1,"name":"Bizcocho"}],"status":"sold"}
classpath:pets/petPost.feature:82
<<<

HTML report: (paste into browser to view) | Karate version: 1.4.1 | env: pet
file:///media/mauricio/Acer/Proyectos/Karate/test_petstore/target/karate-reports/karate-summary.html
===================================================================

]]></system-out>
    <system-err><![CDATA[SLF4J: Failed to load class "org.slf4j.impl.StaticLoggerBinder".
SLF4J: Defaulting to no-operation (NOP) logger implementation
SLF4J: See http://www.slf4j.org/codes.html#StaticLoggerBinder for further details.
Jan 12, 2024 12:19:58 AM net.masterthought.cucumber.ReportParser parseJsonFiles
INFO: File '/media/mauricio/Acer/Proyectos/Karate/test_petstore/target/karate-reports/pets.petDelete.json' contains 1 features
Jan 12, 2024 12:19:58 AM net.masterthought.cucumber.ReportParser parseJsonFiles
INFO: File '/media/mauricio/Acer/Proyectos/Karate/test_petstore/target/karate-reports/pets.petGetFindById.json' contains 1 features
Jan 12, 2024 12:19:58 AM net.masterthought.cucumber.ReportParser parseJsonFiles
INFO: File '/media/mauricio/Acer/Proyectos/Karate/test_petstore/target/karate-reports/pets.petGetFindByStatus.json' contains 1 features
Jan 12, 2024 12:19:58 AM net.masterthought.cucumber.ReportParser parseJsonFiles
INFO: File '/media/mauricio/Acer/Proyectos/Karate/test_petstore/target/karate-reports/pets.petGetFindByTags.json' contains 1 features
Jan 12, 2024 12:19:58 AM net.masterthought.cucumber.ReportParser parseJsonFiles
INFO: File '/media/mauricio/Acer/Proyectos/Karate/test_petstore/target/karate-reports/pets.petPost.json' contains 1 features
Jan 12, 2024 12:19:58 AM net.masterthought.cucumber.ReportParser parseJsonFiles
INFO: File '/media/mauricio/Acer/Proyectos/Karate/test_petstore/target/karate-reports/pets.petUpdate.json' contains 1 features
]]></system-err>
  </testcase>
</testsuite>